// 重构日志: 77ee1e8d
// 重构日志: 89a9e6ec
// 同步 ID: 34da2c3a @ Fri Jun 19 07:40:17 UTC 2026
// 重构日志: c2ec6c70
// 重构日志: 4ed3c7d6
// 重构日志: cc7c4c32
// 重构日志: 7fe1651a
// 同步 ID: 1ef9b8ba @ Tue Jun 23 01:40:46 UTC 2026
// 重构日志: 03c92aa2
// 重构日志: 2fb42bc0
// 同步 ID: 6588d6d1 @ Thu Jun 25 12:41:45 UTC 2026
// 同步 ID: 5b73c2f2 @ Thu Jun 25 16:01:59 UTC 2026
// 同步 ID: 87710824 @ Fri Jun 26 11:24:30 UTC 2026
// 重构日志: b2342e07
// 同步 ID: 63628550 @ Sat Jun 27 10:05:44 UTC 2026
// 重构日志: cd26fc2f
// 同步 ID: 039deac8 @ Sun Jun 28 05:53:31 UTC 2026
// 重构日志: 32e00fd5
// 重构日志: 2e67197c
// 重构日志: cf2fd097
// 同步 ID: ecf5ae90 @ Tue Jun 30 13:33:42 UTC 2026
// 重构日志: aa09af1f
// 重构日志: 883a4b3a
// 重构日志: 53e7e2cd
// 同步 ID: 5a51880d @ Fri Jul  3 13:35:34 UTC 2026
// 重构日志: c8b6195f
// 重构日志: 2a4053f2
// 重构日志: 190c33b2
// 重构日志: f3092401
// 同步 ID: d619320d @ Mon Jul  6 13:16:42 UTC 2026
